<?xml version="1.0" encoding="UTF-8"?>
<!-- Generated by org.testng.reporters.JUnitReportReporter -->
<testsuite hostname="VBK-Computer" failures="0" tests="1" name="SerializationAndDeserialization.MarshalingEmpObject" time="0.396" errors="0" timestamp="2023-02-11T11:50:58 IST" skipped="0">
  <testcase classname="SerializationAndDeserialization.MarshalingEmpObject" name="empObject" time="0.396"/>
  <system-out/>
</testsuite> <!-- SerializationAndDeserialization.MarshalingEmpObject -->
